2015/11/29 16:37:21 にビルドを開始しました。
     1>ノード 2 上のプロジェクト "C:\Users\秀樹\Documents\GitHubVisualStudio\NKCHackathon_5\Game\Game.vcxproj" (Build ターゲット)。
     1>ClCompile:
         C:\Program Files (x86)\Microsoft Visual Studio 12.0\VC\bin\CL.exe /c /ZI /nologo /W4 /WX- /sdl /Od /Oy- /D WIN32 /D _DEBUG /D _WINDOWS /D _UNICODE /D UNICODE /Gm /EHsc /RTC1 /MTd /GS /fp:precise /Zc:wchar_t /Zc:forScope /Fo"Debug\\" /Fd"Debug\vc120.pdb" /Gd /TP /analyze- /errorReport:prompt Main.cpp Ship.cpp Word.cpp
         Word.cpp
     1>c:\users\秀樹\documents\githubvisualstudio\nkchackathon_5\game\objbase.h(24): error C2039: 'list' : 'std' のメンバーではありません。
     1>c:\users\秀樹\documents\githubvisualstudio\nkchackathon_5\game\objbase.h(24): error C2143: 構文エラー : ';' が '<' の前にありません。
     1>c:\users\秀樹\documents\githubvisualstudio\nkchackathon_5\game\objbase.h(24): error C4430: 型指定子がありません - int と仮定しました。メモ: C++ は int を既定値としてサポートしていません
     1>c:\users\秀樹\documents\githubvisualstudio\nkchackathon_5\game\objbase.h(24): error C2238: ';' の前に無効なトークンがあります。
     1>c:\users\秀樹\documents\githubvisualstudio\nkchackathon_5\game\objbase.h(33): error C2065: 'ObjectList' : 定義されていない識別子です。
     1>c:\users\秀樹\documents\githubvisualstudio\nkchackathon_5\game\objbase.h(33): error C2228: '.push_back' の左側はクラス、構造体、共用体でなければなりません
                 型は 'unknown-type' です。
     1>c:\users\秀樹\documents\githubvisualstudio\nkchackathon_5\game\objbase.h(38): error C2065: 'ObjectList' : 定義されていない識別子です。
     1>c:\users\秀樹\documents\githubvisualstudio\nkchackathon_5\game\objbase.h(38): error C2228: '.remove' の左側はクラス、構造体、共用体でなければなりません
                 型は 'unknown-type' です。
     1>c:\users\秀樹\documents\githubvisualstudio\nkchackathon_5\game\objbase.h(42): error C2065: 'ObjectList' : 定義されていない識別子です。
     1>c:\users\秀樹\documents\githubvisualstudio\nkchackathon_5\game\objbase.h(44): error C2065: 'it' : 定義されていない識別子です。
     1>c:\users\秀樹\documents\githubvisualstudio\nkchackathon_5\game\objbase.h(44): error C2227: '->Release' : 左側がクラス、構造体、共用体、ジェネリック型へのポインターではありません。
                 型は 'unknown-type' です。
     1>c:\users\秀樹\documents\githubvisualstudio\nkchackathon_5\game\objbase.h(45): error C2065: 'it' : 定義されていない識別子です。
     1>c:\users\秀樹\documents\githubvisualstudio\nkchackathon_5\game\objbase.h(45): error C2541: 'delete' : ポインターではないオブジェクトを削除することはできません。
     1>c:\users\秀樹\documents\githubvisualstudio\nkchackathon_5\game\objbase.h(51): error C2065: 'ObjectList' : 定義されていない識別子です。
     1>c:\users\秀樹\documents\githubvisualstudio\nkchackathon_5\game\objbase.h(53): error C2065: 'it' : 定義されていない識別子です。
     1>c:\users\秀樹\documents\githubvisualstudio\nkchackathon_5\game\objbase.h(53): error C2227: '->Update' : 左側がクラス、構造体、共用体、ジェネリック型へのポインターではありません。
                 型は 'unknown-type' です。
     1>c:\users\秀樹\documents\githubvisualstudio\nkchackathon_5\game\objbase.h(56): error C2065: 'ObjectList' : 定義されていない識別子です。
     1>c:\users\秀樹\documents\githubvisualstudio\nkchackathon_5\game\objbase.h(57): error C2065: 'it' : 定義されていない識別子です。
     1>c:\users\秀樹\documents\githubvisualstudio\nkchackathon_5\game\objbase.h(57): error C2227: '->Draw' : 左側がクラス、構造体、共用体、ジェネリック型へのポインターではありません。
                 型は 'unknown-type' です。
     1>c:\users\秀樹\documents\githubvisualstudio\nkchackathon_5\game\morse.hpp(92): warning C4244: '引数' : 'int' から 'char' への変換です。データが失われる可能性があります。
         Ship.cpp
     1>c:\users\秀樹\documents\githubvisualstudio\nkchackathon_5\game\objbase.h(24): error C2039: 'list' : 'std' のメンバーではありません。
     1>c:\users\秀樹\documents\githubvisualstudio\nkchackathon_5\game\objbase.h(24): error C2143: 構文エラー : ';' が '<' の前にありません。
     1>c:\users\秀樹\documents\githubvisualstudio\nkchackathon_5\game\objbase.h(24): error C4430: 型指定子がありません - int と仮定しました。メモ: C++ は int を既定値としてサポートしていません
     1>c:\users\秀樹\documents\githubvisualstudio\nkchackathon_5\game\objbase.h(24): error C2238: ';' の前に無効なトークンがあります。
     1>c:\users\秀樹\documents\githubvisualstudio\nkchackathon_5\game\objbase.h(33): error C2065: 'ObjectList' : 定義されていない識別子です。
     1>c:\users\秀樹\documents\githubvisualstudio\nkchackathon_5\game\objbase.h(33): error C2228: '.push_back' の左側はクラス、構造体、共用体でなければなりません
                 型は 'unknown-type' です。
     1>c:\users\秀樹\documents\githubvisualstudio\nkchackathon_5\game\objbase.h(38): error C2065: 'ObjectList' : 定義されていない識別子です。
     1>c:\users\秀樹\documents\githubvisualstudio\nkchackathon_5\game\objbase.h(38): error C2228: '.remove' の左側はクラス、構造体、共用体でなければなりません
                 型は 'unknown-type' です。
     1>c:\users\秀樹\documents\githubvisualstudio\nkchackathon_5\game\objbase.h(42): error C2065: 'ObjectList' : 定義されていない識別子です。
     1>c:\users\秀樹\documents\githubvisualstudio\nkchackathon_5\game\objbase.h(44): error C2065: 'it' : 定義されていない識別子です。
     1>c:\users\秀樹\documents\githubvisualstudio\nkchackathon_5\game\objbase.h(44): error C2227: '->Release' : 左側がクラス、構造体、共用体、ジェネリック型へのポインターではありません。
                 型は 'unknown-type' です。
     1>c:\users\秀樹\documents\githubvisualstudio\nkchackathon_5\game\objbase.h(45): error C2065: 'it' : 定義されていない識別子です。
     1>c:\users\秀樹\documents\githubvisualstudio\nkchackathon_5\game\objbase.h(45): error C2541: 'delete' : ポインターではないオブジェクトを削除することはできません。
     1>c:\users\秀樹\documents\githubvisualstudio\nkchackathon_5\game\objbase.h(51): error C2065: 'ObjectList' : 定義されていない識別子です。
     1>c:\users\秀樹\documents\githubvisualstudio\nkchackathon_5\game\objbase.h(53): error C2065: 'it' : 定義されていない識別子です。
     1>c:\users\秀樹\documents\githubvisualstudio\nkchackathon_5\game\objbase.h(53): error C2227: '->Update' : 左側がクラス、構造体、共用体、ジェネリック型へのポインターではありません。
                 型は 'unknown-type' です。
     1>c:\users\秀樹\documents\githubvisualstudio\nkchackathon_5\game\objbase.h(56): error C2065: 'ObjectList' : 定義されていない識別子です。
     1>c:\users\秀樹\documents\githubvisualstudio\nkchackathon_5\game\objbase.h(57): error C2065: 'it' : 定義されていない識別子です。
     1>c:\users\秀樹\documents\githubvisualstudio\nkchackathon_5\game\objbase.h(57): error C2227: '->Draw' : 左側がクラス、構造体、共用体、ジェネリック型へのポインターではありません。
                 型は 'unknown-type' です。
     1>c:\users\秀樹\documents\githubvisualstudio\nkchackathon_5\game\objbase.h(21): error C2011: 'ObjBase' : 'class' 型の再定義
                 c:\users\秀樹\documents\githubvisualstudio\nkchackathon_5\game\objbase.h(21) : 'ObjBase' の宣言を確認してください。
     1>c:\users\秀樹\documents\githubvisualstudio\nkchackathon_5\game\morse.hpp(92): warning C4244: '引数' : 'int' から 'char' への変換です。データが失われる可能性があります。
     1>c:\users\秀樹\documents\githubvisualstudio\nkchackathon_5\game\word.h(17): error C2504: 'ObjBase' : 定義されていない基底クラスが宣言されています。
     1>c:\users\秀樹\documents\githubvisualstudio\nkchackathon_5\game\ship.h(12): error C2504: 'ObjBase' : 定義されていない基底クラスが宣言されています。
         Main.cpp
     1>c:\users\秀樹\documents\githubvisualstudio\nkchackathon_5\game\objbase.h(21): error C2011: 'ObjBase' : 'class' 型の再定義
                 c:\users\秀樹\documents\githubvisualstudio\nkchackathon_5\game\objbase.h(21) : 'ObjBase' の宣言を確認してください。
     1>c:\users\秀樹\documents\githubvisualstudio\nkchackathon_5\game\morse.hpp(92): warning C4244: '引数' : 'int' から 'char' への変換です。データが失われる可能性があります。
     1>c:\users\秀樹\documents\githubvisualstudio\nkchackathon_5\game\word.h(17): error C2504: 'ObjBase' : 定義されていない基底クラスが宣言されています。
     1>c:\users\秀樹\documents\githubvisualstudio\nkchackathon_5\game\ship.h(12): error C2504: 'ObjBase' : 定義されていない基底クラスが宣言されています。
     1>c:\users\秀樹\documents\githubvisualstudio\nkchackathon_5\game\main.cpp(8): error C2027: 認識できない型 'ObjBase' が使われています。
                 c:\users\秀樹\documents\githubvisualstudio\nkchackathon_5\game\objbase.h(21) : 'ObjBase' の宣言を確認してください。
     1>c:\users\秀樹\documents\githubvisualstudio\nkchackathon_5\game\main.cpp(20): warning C4129: 'G' : エスケープ シーケンスとして正しく認識されませんでした。
     1>c:\users\秀樹\documents\githubvisualstudio\nkchackathon_5\game\main.cpp(20): warning C4129: 'I' : エスケープ シーケンスとして正しく認識されませんでした。
     1>c:\users\秀樹\documents\githubvisualstudio\nkchackathon_5\game\main.cpp(20): warning C4129: 's' : エスケープ シーケンスとして正しく認識されませんでした。
     1>c:\users\秀樹\documents\githubvisualstudio\nkchackathon_5\game\main.cpp(21): warning C4129: 'G' : エスケープ シーケンスとして正しく認識されませんでした。
     1>c:\users\秀樹\documents\githubvisualstudio\nkchackathon_5\game\main.cpp(21): warning C4129: 'I' : エスケープ シーケンスとして正しく認識されませんでした。
     1>c:\users\秀樹\documents\githubvisualstudio\nkchackathon_5\game\main.cpp(21): warning C4129: 'i' : エスケープ シーケンスとして正しく認識されませんでした。
     1>c:\users\秀樹\documents\githubvisualstudio\nkchackathon_5\game\main.cpp(22): warning C4129: 'G' : エスケープ シーケンスとして正しく認識されませんでした。
     1>c:\users\秀樹\documents\githubvisualstudio\nkchackathon_5\game\main.cpp(22): warning C4129: 'I' : エスケープ シーケンスとして正しく認識されませんでした。
     1>c:\users\秀樹\documents\githubvisualstudio\nkchackathon_5\game\main.cpp(22): warning C4129: 'l' : エスケープ シーケンスとして正しく認識されませんでした。
     1>c:\users\秀樹\documents\githubvisualstudio\nkchackathon_5\game\main.cpp(23): warning C4129: 'G' : エスケープ シーケンスとして正しく認識されませんでした。
     1>c:\users\秀樹\documents\githubvisualstudio\nkchackathon_5\game\main.cpp(23): warning C4129: 'I' : エスケープ シーケンスとして正しく認識されませんでした。
     1>c:\users\秀樹\documents\githubvisualstudio\nkchackathon_5\game\main.cpp(23): warning C4129: 'l' : エスケープ シーケンスとして正しく認識されませんでした。
     1>c:\users\秀樹\documents\githubvisualstudio\nkchackathon_5\game\main.cpp(38): error C2027: 認識できない型 'ObjBase' が使われています。
                 c:\users\秀樹\documents\githubvisualstudio\nkchackathon_5\game\objbase.h(21) : 'ObjBase' の宣言を確認してください。
     1>c:\users\秀樹\documents\githubvisualstudio\nkchackathon_5\game\main.cpp(38): error C3861: 'AllUpdateAndDraw': 識別子が見つかりませんでした
     1>c:\users\秀樹\documents\githubvisualstudio\nkchackathon_5\game\main.cpp(40): error C2027: 認識できない型 'ObjBase' が使われています。
                 c:\users\秀樹\documents\githubvisualstudio\nkchackathon_5\game\objbase.h(21) : 'ObjBase' の宣言を確認してください。
     1>c:\users\秀樹\documents\githubvisualstudio\nkchackathon_5\game\main.cpp(40): error C3861: 'DeleteAll': 識別子が見つかりませんでした
         コードを生成中...
     1>プロジェクト "C:\Users\秀樹\Documents\GitHubVisualStudio\NKCHackathon_5\Game\Game.vcxproj" (Build ターゲット) のビルドが終了しました -- 失敗。

ビルドに失敗しました。

経過時間 00:00:08.76
